<?xml version="1.0" encoding="UTF-8"?>
<testng-results total="1" passed="1" failed="0" skipped="0">
  <reporter-output>
  </reporter-output>
  <suite started-at="2020-12-04T22:47:57Z" name="Default suite" finished-at="2020-12-04T22:48:15Z" duration-ms="18219">
    <groups>
    </groups>
    <test started-at="2020-12-04T22:47:57Z" name="Default test" finished-at="2020-12-04T22:48:15Z" duration-ms="18219">
      <class name="testCases.task">
        <test-method is-config="true" signature="Setup()[pri:0, instance:testCases.task@6692b6c6]" started-at="2020-12-04T16:47:57Z" name="Setup" finished-at="2020-12-04T16:48:01Z" duration-ms="3726" status="PASS">
          <reporter-output>
          </reporter-output>
        </test-method> <!-- Setup -->
        <test-method signature="AutomationTest()[pri:0, instance:testCases.task@6692b6c6]" started-at="2020-12-04T16:48:01Z" name="AutomationTest" finished-at="2020-12-04T16:48:14Z" duration-ms="13668" status="PASS">
          <reporter-output>
          </reporter-output>
        </test-method> <!-- AutomationTest -->
        <test-method is-config="true" signature="Teardown()[pri:0, instance:testCases.task@6692b6c6]" started-at="2020-12-04T16:48:14Z" name="Teardown" finished-at="2020-12-04T16:48:15Z" duration-ms="811" status="PASS">
          <reporter-output>
          </reporter-output>
        </test-method> <!-- Teardown -->
      </class> <!-- testCases.task -->
    </test> <!-- Default test -->
  </suite> <!-- Default suite -->
</testng-results>
